-------------------------------------------------------------------------------
Test set: skycoin.libjava.simpleTest
-------------------------------------------------------------------------------
Tests run: 1, Failures: 1, Errors: 0, Skipped: 0, Time elapsed: 0.001 s <<< FAILURE! - in skycoin.libjava.simpleTest
name(skycoin.libjava.simpleTest)  Time elapsed: 0 s  <<< FAILURE!
java.lang.AssertionError
	at skycoin.libjava.simpleTest.name(simpleTest.java:14)

